[INFO ] model.Outcome - 四等奖2537
[INFO ] model.Outcome - 四等奖1686
[INFO ] model.Outcome - 四等奖1559
[INFO ] model.Outcome - 四等奖2152
[INFO ] model.Outcome - 四等奖0674
[INFO ] model.Outcome - 一等奖1115
[INFO ] model.Outcome - 三等奖2965
[INFO ] model.Outcome - 三等奖0858
[INFO ] model.Outcome - 二等奖0205
[INFO ] model.Outcome - 四等奖2537
[INFO ] model.Outcome - 四等奖1686
[INFO ] model.Outcome - 四等奖1559
[INFO ] model.Outcome - 四等奖2152
[INFO ] model.Outcome - 四等奖0674
[INFO ] model.Outcome - 一等奖1115
[INFO ] model.Outcome - 三等奖2965
[INFO ] model.Outcome - 三等奖0858
[INFO ] model.Outcome - 二等奖0205
[INFO ] model.Outcome - 四等奖2537
[INFO ] model.Outcome - 四等奖1686
[INFO ] model.Outcome - 四等奖1559
[INFO ] model.Outcome - 四等奖2152
[INFO ] model.Outcome - 四等奖0674
[INFO ] model.Outcome - 一等奖1115
[INFO ] model.Outcome - 一等奖
[INFO ] model.Outcome - 三等奖2965
[INFO ] model.Outcome - 三等奖0858
[INFO ] model.Outcome - 二等奖0205
[INFO ] model.Outcome - 四等奖2537
[INFO ] model.Outcome - 四等奖1686
[INFO ] model.Outcome - 四等奖1559
[INFO ] model.Outcome - 四等奖2152
[INFO ] model.Outcome - 四等奖0674
[INFO ] model.Outcome - 一等奖1115
[INFO ] model.Outcome - 一等奖
[INFO ] model.Outcome - 三等奖2965
[INFO ] model.Outcome - 三等奖0858
[INFO ] model.Outcome - 二等奖0205
[INFO ] model.Outcome - 二等奖2412
[INFO ] model.Outcome - 四等奖2537
[INFO ] model.Outcome - 四等奖1686
[INFO ] model.Outcome - 四等奖1559
[INFO ] model.Outcome - 四等奖2152
[INFO ] model.Outcome - 四等奖0674
[INFO ] model.Outcome - 一等奖1115
[INFO ] model.Outcome - 一等奖
[INFO ] model.Outcome - 三等奖2965
[INFO ] model.Outcome - 三等奖0858
[INFO ] model.Outcome - 二等奖0205
[INFO ] model.Outcome - 二等奖2412
[INFO ] model.Outcome - 二等奖0807
[INFO ] model.Outcome - 四等奖2537
[INFO ] model.Outcome - 四等奖1686
[INFO ] model.Outcome - 四等奖1559
[INFO ] model.Outcome - 四等奖2152
[INFO ] model.Outcome - 四等奖0674
[INFO ] model.Outcome - 一等奖1115
[INFO ] model.Outcome - 一等奖
[INFO ] model.Outcome - 三等奖2965
[INFO ] model.Outcome - 三等奖0858
[INFO ] model.Outcome - 二等奖0205
[INFO ] model.Outcome - 二等奖2412
[INFO ] model.Outcome - 二等奖0807
[INFO ] model.Outcome - 二等奖1785
[INFO ] model.Outcome - 四等奖2537
[INFO ] model.Outcome - 四等奖1686
[INFO ] model.Outcome - 四等奖1559
[INFO ] model.Outcome - 四等奖2152
[INFO ] model.Outcome - 四等奖0674
[INFO ] model.Outcome - 一等奖1115
[INFO ] model.Outcome - 一等奖
[INFO ] model.Outcome - 三等奖2965
[INFO ] model.Outcome - 三等奖0858
[INFO ] model.Outcome - 二等奖0205
[INFO ] model.Outcome - 二等奖2412
[INFO ] model.Outcome - 二等奖0807
[INFO ] model.Outcome - 二等奖1785
[INFO ] model.Outcome - 二等奖0362
